<?xml version="1.0" encoding="UTF-8"?>
<testsuite xmlns:xsi="http://www.w3.org/2001/XMLSchema-instance" xsi:noNamespaceSchemaLocation="https://maven.apache.org/surefire/maven-surefire-plugin/xsd/surefire-test-report-3.0.xsd" version="3.0" name="LionParameterTest" time="0.025" tests="2" errors="0" skipped="0" failures="0">
  <properties>
[...]
</properties>
  <testcase name="checkGetSex[0]" classname="LionParameterTest" time="0.001"/>
  <testcase name="checkGetSex[1]" classname="LionParameterTest" time="0.007"/>
</testsuite>